#
# A fatal error has been detected by the Java Runtime Environment:
#
#  Internal Error (javaClasses.cpp:129), pid=4992, tid=4088
#  fatal error: Invalid layout of preloaded class
#
# JRE version: 7.0_25-b16
# Java VM: Java HotSpot(TM) 64-Bit Server VM (23.25-b01 mixed mode windows-amd64 compressed oops)
# Failed to write core dump. Minidumps are not enabled by default on client versions of Windows
#
# If you would like to submit a bug report, please visit:
#   http://bugreport.sun.com/bugreport/crash.jsp
#

---------------  T H R E A D  ---------------

Current thread (0x00000000021ec800):  JavaThread "Unknown thread" [_thread_in_vm, id=4088, stack(0x0000000002300000,0x0000000002400000)]

Stack: [0x0000000002300000,0x0000000002400000]

---------------  P R O C E S S  ---------------

Java Threads: ( => current thread )

Other Threads:

=>0x00000000021ec800 (exited) JavaThread "Unknown thread" [_thread_in_vm, id=4088, stack(0x0000000002300000,0x0000000002400000)]

VM state:not at safepoint (not fully initialized)

VM Mutex/Monitor currently owned by a thread: None

GC Heap History (0 events):
No events

Deoptimization events (0 events):
No events

Internal exceptions (0 events):
No events

Events (10 events):
Event: 0.091 loading class 0x000000000226fab0 done
Event: 0.091 loading class 0x0000000002232080 done
Event: 0.091 loading class 0x0000000002232050
Event: 0.091 loading class 0x000000000227b710
Event: 0.092 loading class 0x000000000227b710 done
Event: 0.092 loading class 0x000000000227b750
Event: 0.092 loading class 0x000000000227b750 done
Event: 0.092 loading class 0x000000000b2fd0e0
Event: 0.092 loading class 0x000000000b2fd0e0 done
Event: 0.092 loading class 0x0000000002232050 done


Dynamic libraries:
0x000000013f480000 - 0x000000013f4b3000 	C:\Program Files\Java\jre1.7.0_25\bin\javaw.exe
0x0000000077700000 - 0x00000000778a9000 	C:\windows\SYSTEM32\ntdll.dll
0x00000000775e0000 - 0x00000000776ff000 	C:\windows\system32\kernel32.dll
0x000007fefdec0000 - 0x000007fefdf2b000 	C:\windows\system32\KERNELBASE.dll
0x000007fefe330000 - 0x000007fefe40b000 	C:\windows\system32\ADVAPI32.dll
0x000007fefe120000 - 0x000007fefe1bf000 	C:\windows\system32\msvcrt.dll
0x000007feff910000 - 0x000007feff92f000 	C:\windows\SYSTEM32\sechost.dll
0x000007fefe610000 - 0x000007fefe73d000 	C:\windows\system32\RPCRT4.dll
0x0000000077170000 - 0x000000007726a000 	C:\windows\system32\USER32.dll
0x000007fefe490000 - 0x000007fefe4f7000 	C:\windows\system32\GDI32.dll
0x000007feff540000 - 0x000007feff54e000 	C:\windows\system32\LPK.dll
0x000007feff7e0000 - 0x000007feff8a9000 	C:\windows\system32\USP10.dll
0x000007fefbc40000 - 0x000007fefbe34000 	C:\windows\WinSxS\amd64_microsoft.windows.common-controls_6595b64144ccf1df_6.0.7601.17514_none_fa396087175ac9ac\COMCTL32.dll
0x000007fefe410000 - 0x000007fefe481000 	C:\windows\system32\SHLWAPI.dll
0x000007fefe300000 - 0x000007fefe32e000 	C:\windows\system32\IMM32.DLL
0x000007fefe500000 - 0x000007fefe609000 	C:\windows\system32\MSCTF.dll
0x000000006e7d0000 - 0x000000006e8a1000 	C:\Program Files\Java\jre1.7.0_25\bin\msvcr100.dll
0x000000006e0c0000 - 0x000000006e7cf000 	C:\Program Files\Java\jre1.7.0_25\bin\server\jvm.dll
0x000007fefb810000 - 0x000007fefb819000 	C:\windows\system32\WSOCK32.dll
0x000007feff4f0000 - 0x000007feff53d000 	C:\windows\system32\WS2_32.dll
0x000007fefdf30000 - 0x000007fefdf38000 	C:\windows\system32\NSI.dll
0x000007fefca20000 - 0x000007fefca5b000 	C:\windows\system32\WINMM.dll
0x00000000778c0000 - 0x00000000778c7000 	C:\windows\system32\PSAPI.DLL
0x00000000721f0000 - 0x00000000721ff000 	C:\Program Files\Java\jre1.7.0_25\bin\verify.dll
0x0000000071d60000 - 0x0000000071d88000 	C:\Program Files\Java\jre1.7.0_25\bin\java.dll
0x00000000721d0000 - 0x00000000721e5000 	C:\Program Files\Java\jre1.7.0_25\bin\zip.dll

VM Arguments:
jvm_args: -Dfile.encoding=Cp1252 -Xbootclasspath:D:\Gupshup\adt-bundle-windows-x86_64-20130522\sdk\platforms\android-17\android.jar 
java_command: com.apps.calendar.Utility
Launcher Type: SUN_STANDARD

Environment Variables:
PATH=C:\Users\hachoudh.ORADEV\workspace_hadoop\SentimentAnalysis\olt\binaries;C:\Program Files (x86)\PC Connectivity Solution\;C:\windows\system32;C:\windows;C:\windows\System32\Wbem;C:\windows\System32\WindowsPowerShell\v1.0\;C:\PROGRA~2\XRay
USERNAME=hachoudh
OS=Windows_NT
PROCESSOR_IDENTIFIER=Intel64 Family 6 Model 42 Stepping 7, GenuineIntel



---------------  S Y S T E M  ---------------

OS: Windows 7 , 64 bit Build 7601 Service Pack 1

CPU:total 4 (2 cores per cpu, 2 threads per core) family 6 model 42 stepping 7, cmov, cx8, fxsr, mmx, sse, sse2, sse3, ssse3, sse4.1, sse4.2, popcnt, avx, ht, tsc, tscinvbit

Memory: 4k page, physical 8266768k(5226324k free), swap 16531676k(12786052k free)

vm_info: Java HotSpot(TM) 64-Bit Server VM (23.25-b01) for windows-amd64 JRE (1.7.0_25-b16), built on Jun 12 2013 16:42:02 by "java_re" with unknown MS VC++:1600

time: Sat Nov 02 09:35:18 2013
elapsed time: 0 seconds

